[0m16:40:42.126166 [debug] [MainThread]: Sending event: {'category': 'dbt', 'action': 'invocation', 'label': 'start', 'context': [<snowplow_tracker.self_describing_json.SelfDescribingJson object at 0x000002C1F4E8E660>, <snowplow_tracker.self_describing_json.SelfDescribingJson object at 0x000002C1F2B29450>, <snowplow_tracker.self_describing_json.SelfDescribingJson object at 0x000002C1F72BFC50>]}


============================== 16:40:42.192135 | 520bfbcd-bbd5-4eeb-a0e7-4711f3ace36f ==============================
[0m16:40:42.192135 [info ] [MainThread]: Running with dbt=1.11.12
[0m16:40:42.193394 [debug] [MainThread]: running dbt with arguments {'version_check': 'True', 'no_print': 'None', 'static_parser': 'True', 'target_path': 'None', 'warn_error_options': 'WarnErrorOptionsV2(error=[], warn=[], silence=[])', 'printer_width': '80', 'write_json': 'True', 'empty': 'None', 'log_cache_events': 'False', 'introspect': 'True', 'cache_selected_only': 'False', 'log_format': 'default', 'debug': 'False', 'fail_fast': 'False', 'partial_parse': 'True', 'send_anonymous_usage_stats': 'True', 'quiet': 'False', 'warn_error': 'None', 'profiles_dir': 'C:\\Users\\harsh\\.dbt', 'use_colors': 'True', 'invocation_command': 'dbt init', 'indirect_selection': 'eager', 'use_experimental_parser': 'False', 'log_path': 'logs'}
[0m16:40:42.347589 [info ] [MainThread]: Creating dbt configuration folder at C:\Users\harsh\.dbt
[0m16:41:19.672735 [debug] [MainThread]: Starter project path: C:\Users\harsh\Downloads\DBT data pipeline\.venv\Lib\site-packages\dbt\include\starter_project
[0m16:41:19.728784 [info ] [MainThread]: 
Your new dbt project "dbt_project" was created!

For more information on how to configure the profiles.yml file,
please consult the dbt documentation here:

  https://docs.getdbt.com/docs/configure-your-profile

One more thing:

Need help? Don't hesitate to reach out to us via GitHub issues or on Slack:

  https://community.getdbt.com/

Happy modeling!

[0m16:41:19.729666 [info ] [MainThread]: Setting up your profile.
[0m16:41:32.341518 [debug] [MainThread]: Snowflake adapter: Setting snowflake.connector to ERROR (file logging only)
[0m16:41:32.342341 [debug] [MainThread]: Snowflake adapter: Setting botocore to ERROR (file logging only)
[0m16:41:32.342971 [debug] [MainThread]: Snowflake adapter: Setting boto3 to ERROR (file logging only)
[0m16:44:56.258409 [info ] [MainThread]: Profile dbt_project written to C:\Users\harsh\.dbt\profiles.yml using target's profile_template.yml and your supplied values. Run 'dbt debug' to validate the connection.
[0m16:44:56.260734 [debug] [MainThread]: Command `dbt init` succeeded at 16:44:56.260506 after 254.48 seconds
[0m16:44:56.261365 [debug] [MainThread]: Sending event: {'category': 'dbt', 'action': 'invocation', 'label': 'end', 'context': [<snowplow_tracker.self_describing_json.SelfDescribingJson object at 0x000002C1F971FA80>, <snowplow_tracker.self_describing_json.SelfDescribingJson object at 0x000002C1F73CDEB0>, <snowplow_tracker.self_describing_json.SelfDescribingJson object at 0x000002C1F957E7A0>]}
[0m16:44:56.262053 [debug] [MainThread]: Flushing usage events
[0m16:44:58.355240 [debug] [MainThread]: An error was encountered while trying to flush usage events
[0m17:06:47.437636 [debug] [MainThread]: Sending event: {'category': 'dbt', 'action': 'invocation', 'label': 'start', 'context': [<snowplow_tracker.self_describing_json.SelfDescribingJson object at 0x0000027B2BC9AA50>, <snowplow_tracker.self_describing_json.SelfDescribingJson object at 0x0000027B28A0AE90>, <snowplow_tracker.self_describing_json.SelfDescribingJson object at 0x0000027B2D097ED0>]}


============================== 17:06:47.448554 | 8a04aa26-dc7a-4224-aa69-b2228ea2a70f ==============================
[0m17:06:47.448554 [info ] [MainThread]: Running with dbt=1.11.12
[0m17:06:47.450069 [debug] [MainThread]: running dbt with arguments {'version_check': 'True', 'no_print': 'None', 'static_parser': 'True', 'target_path': 'None', 'warn_error_options': 'WarnErrorOptionsV2(error=[], warn=[], silence=[])', 'printer_width': '80', 'write_json': 'True', 'introspect': 'True', 'log_cache_events': 'False', 'empty': 'None', 'cache_selected_only': 'False', 'log_format': 'default', 'debug': 'False', 'fail_fast': 'False', 'partial_parse': 'True', 'send_anonymous_usage_stats': 'True', 'quiet': 'False', 'warn_error': 'None', 'profiles_dir': 'C:\\Users\\harsh\\.dbt', 'indirect_selection': 'eager', 'invocation_command': 'dbt debug', 'use_colors': 'True', 'use_experimental_parser': 'False', 'log_path': 'logs'}
[0m17:06:47.536989 [info ] [MainThread]: dbt version: 1.11.12
[0m17:06:47.537852 [info ] [MainThread]: python version: 3.13.2
[0m17:06:47.538659 [info ] [MainThread]: python path: C:\Users\harsh\Downloads\DBT data pipeline\.venv\Scripts\python.exe
[0m17:06:47.539425 [info ] [MainThread]: os info: Windows-11-10.0.26200-SP0
[0m17:06:48.870297 [debug] [MainThread]: Snowflake adapter: Setting snowflake.connector to ERROR (file logging only)
[0m17:06:48.871126 [debug] [MainThread]: Snowflake adapter: Setting botocore to ERROR (file logging only)
[0m17:06:48.871773 [debug] [MainThread]: Snowflake adapter: Setting boto3 to ERROR (file logging only)
[0m17:06:49.010197 [info ] [MainThread]: Using profiles dir at C:\Users\harsh\.dbt
[0m17:06:49.011206 [info ] [MainThread]: Using profiles.yml file at C:\Users\harsh\.dbt\profiles.yml
[0m17:06:49.012189 [info ] [MainThread]: Using dbt_project.yml file at C:\Users\harsh\Downloads\DBT data pipeline\dbt_project.yml
[0m17:06:49.017917 [info ] [MainThread]: adapter type: snowflake
[0m17:06:49.018868 [info ] [MainThread]: adapter version: 1.11.6
[0m17:06:49.019838 [info ] [MainThread]: Configuration:
[0m17:06:49.020566 [info ] [MainThread]:   profiles.yml file [[32mOK found and valid[0m]
[0m17:06:49.021277 [info ] [MainThread]:   dbt_project.yml file [[31mERROR not found[0m]
[0m17:06:49.022091 [info ] [MainThread]: Required dependencies:
[0m17:06:49.022888 [debug] [MainThread]: Executing "git --help"
[0m17:06:49.101621 [debug] [MainThread]: STDOUT: "b"usage: git [-v | --version] [-h | --help] [-C <path>] [-c <name>=<value>]\n           [--exec-path[=<path>]] [--html-path] [--man-path] [--info-path]\n           [-p | --paginate | -P | --no-pager] [--no-replace-objects] [--no-lazy-fetch]\n           [--no-optional-locks] [--no-advice] [--bare] [--git-dir=<path>]\n           [--work-tree=<path>] [--namespace=<name>] [--config-env=<name>=<envvar>]\n           <command> [<args>]\n\nThese are common Git commands used in various situations:\n\nstart a working area (see also: git help tutorial)\n   clone      Clone a repository into a new directory\n   init       Create an empty Git repository or reinitialize an existing one\n\nwork on the current change (see also: git help everyday)\n   add        Add file contents to the index\n   mv         Move or rename a file, a directory, or a symlink\n   restore    Restore working tree files\n   rm         Remove files from the working tree and from the index\n\nexamine the history and state (see also: git help revisions)\n   bisect     Use binary search to find the commit that introduced a bug\n   diff       Show changes between commits, commit and working tree, etc\n   grep       Print lines matching a pattern\n   log        Show commit logs\n   show       Show various types of objects\n   status     Show the working tree status\n\ngrow, mark and tweak your common history\n   backfill   Download missing objects in a partial clone\n   branch     List, create, or delete branches\n   commit     Record changes to the repository\n   history    EXPERIMENTAL: Rewrite history\n   merge      Join two or more development histories together\n   rebase     Reapply commits on top of another base tip\n   reset      Set `HEAD` or the index to a known state\n   switch     Switch branches\n   tag        Create, list, delete or verify tags\n\ncollaborate (see also: git help workflows)\n   fetch      Download objects and refs from another repository\n   pull       Fetch from and integrate with another repository or a local branch\n   push       Update remote refs along with associated objects\n\n'git help -a' and 'git help -g' list available subcommands and some\nconcept guides. See 'git help <command>' or 'git help <concept>'\nto read about a specific subcommand or concept.\nSee 'git help git' for an overview of the system.\n""
[0m17:06:49.102883 [debug] [MainThread]: STDERR: "b''"
[0m17:06:49.103968 [info ] [MainThread]:  - git [[32mOK found[0m]

[0m17:06:49.104845 [info ] [MainThread]: Connection:
[0m17:06:49.105635 [info ] [MainThread]:   account: RWPEXUG-HB24805
[0m17:06:49.106347 [info ] [MainThread]:   user: HARSHSOMANI2003
[0m17:06:49.107094 [info ] [MainThread]:   database: MEDICAL_DB
[0m17:06:49.107798 [info ] [MainThread]:   warehouse: COMPUTE_WH
[0m17:06:49.108539 [info ] [MainThread]:   role: ACCOUNTADMIN
[0m17:06:49.109198 [info ] [MainThread]:   schema: dbt_schema
[0m17:06:49.109997 [info ] [MainThread]:   authenticator: None
[0m17:06:49.110765 [info ] [MainThread]:   oauth_client_id: None
[0m17:06:49.111629 [info ] [MainThread]:   query_tag: None
[0m17:06:49.112434 [info ] [MainThread]:   client_session_keep_alive: False
[0m17:06:49.113141 [info ] [MainThread]:   host: None
[0m17:06:49.113899 [info ] [MainThread]:   port: None
[0m17:06:49.114568 [info ] [MainThread]:   proxy_host: None
[0m17:06:49.115282 [info ] [MainThread]:   proxy_port: None
[0m17:06:49.116136 [info ] [MainThread]:   protocol: None
[0m17:06:49.116929 [info ] [MainThread]:   connect_retries: 1
[0m17:06:49.117629 [info ] [MainThread]:   connect_timeout: None
[0m17:06:49.118380 [info ] [MainThread]:   retry_on_database_errors: False
[0m17:06:49.119292 [info ] [MainThread]:   retry_all: False
[0m17:06:49.120264 [info ] [MainThread]:   insecure_mode: False
[0m17:06:49.121197 [info ] [MainThread]:   reuse_connections: True
[0m17:06:49.122197 [info ] [MainThread]:   s3_stage_vpce_dns_name: None
[0m17:06:49.123132 [info ] [MainThread]:   platform_detection_timeout_seconds: 0.0
[0m17:06:49.124589 [info ] [MainThread]: Registered adapter: snowflake=1.11.6
[0m17:06:51.131045 [debug] [MainThread]: Acquiring new snowflake connection 'debug'
[0m17:06:51.937136 [debug] [MainThread]: Using snowflake connection "debug"
[0m17:06:51.937800 [debug] [MainThread]: On debug: select 1 as id
[0m17:06:51.938365 [debug] [MainThread]: Opening a new connection, currently in state init
[0m17:06:53.144206 [debug] [MainThread]: Snowflake adapter: Error running SQL: select 1 as id
[0m17:06:53.144890 [debug] [MainThread]: Snowflake adapter: Rolling back transaction.
[0m17:06:53.145463 [info ] [MainThread]:   Connection test: [[31mERROR[0m]

[0m17:06:53.146317 [info ] [MainThread]: [31m2 checks failed:[0m
[0m17:06:53.146974 [info ] [MainThread]: Project loading failed for the following reason:
 project path <C:\Users\harsh\Downloads\DBT data pipeline\dbt_project.yml> not found

[0m17:06:53.147626 [info ] [MainThread]: dbt was unable to connect to the specified database.
The database returned the following error:

  >Database Error
  250001 (08001): Failed to connect to DB: RWPEXUG-HB24805.snowflakecomputing.com:443. Multi-factor authentication is required for this account. Log in to Snowsight to enroll.

Check your database credentials and try again. For more information, visit:
https://docs.getdbt.com/docs/configure-your-profile


[0m17:06:53.149282 [debug] [MainThread]: Command `dbt debug` failed at 17:06:53.149079 after 6.18 seconds
[0m17:06:53.149841 [debug] [MainThread]: Connection 'debug' was left open.
[0m17:06:53.150384 [debug] [MainThread]: On debug: No close available on handle
[0m17:06:53.150987 [debug] [MainThread]: Sending event: {'category': 'dbt', 'action': 'invocation', 'label': 'end', 'context': [<snowplow_tracker.self_describing_json.SelfDescribingJson object at 0x0000027B2F54A060>, <snowplow_tracker.self_describing_json.SelfDescribingJson object at 0x0000027B2F3FF410>, <snowplow_tracker.self_describing_json.SelfDescribingJson object at 0x0000027B2F2E38A0>]}
[0m17:06:53.151619 [debug] [MainThread]: Flushing usage events
[0m17:06:55.021418 [debug] [MainThread]: An error was encountered while trying to flush usage events
[0m17:13:43.460322 [debug] [MainThread]: Sending event: {'category': 'dbt', 'action': 'invocation', 'label': 'start', 'context': [<snowplow_tracker.self_describing_json.SelfDescribingJson object at 0x0000015D7B45AA50>, <snowplow_tracker.self_describing_json.SelfDescribingJson object at 0x0000015D781FAE90>, <snowplow_tracker.self_describing_json.SelfDescribingJson object at 0x0000015D7C85BED0>]}


============================== 17:13:43.467716 | 038645a3-c8f9-4de7-b2c6-4db170a0c83a ==============================
[0m17:13:43.467716 [info ] [MainThread]: Running with dbt=1.11.12
[0m17:13:43.468731 [debug] [MainThread]: running dbt with arguments {'version_check': 'True', 'no_print': 'None', 'static_parser': 'True', 'target_path': 'None', 'warn_error_options': 'WarnErrorOptionsV2(error=[], warn=[], silence=[])', 'printer_width': '80', 'write_json': 'True', 'empty': 'None', 'log_cache_events': 'False', 'introspect': 'True', 'cache_selected_only': 'False', 'fail_fast': 'False', 'debug': 'False', 'log_format': 'default', 'partial_parse': 'True', 'send_anonymous_usage_stats': 'True', 'quiet': 'False', 'warn_error': 'None', 'profiles_dir': 'C:\\Users\\harsh\\.dbt', 'indirect_selection': 'eager', 'use_colors': 'True', 'invocation_command': 'dbt debug', 'use_experimental_parser': 'False', 'log_path': 'logs'}
[0m17:13:43.508217 [info ] [MainThread]: dbt version: 1.11.12
[0m17:13:43.509002 [info ] [MainThread]: python version: 3.13.2
[0m17:13:43.509677 [info ] [MainThread]: python path: C:\Users\harsh\Downloads\DBT data pipeline\.venv\Scripts\python.exe
[0m17:13:43.510352 [info ] [MainThread]: os info: Windows-11-10.0.26200-SP0
[0m17:13:44.374557 [debug] [MainThread]: Snowflake adapter: Setting snowflake.connector to ERROR (file logging only)
[0m17:13:44.375374 [debug] [MainThread]: Snowflake adapter: Setting botocore to ERROR (file logging only)
[0m17:13:44.376023 [debug] [MainThread]: Snowflake adapter: Setting boto3 to ERROR (file logging only)
[0m17:13:44.503085 [info ] [MainThread]: Using profiles dir at C:\Users\harsh\.dbt
[0m17:13:44.504057 [info ] [MainThread]: Using profiles.yml file at C:\Users\harsh\.dbt\profiles.yml
[0m17:13:44.504806 [info ] [MainThread]: Using dbt_project.yml file at C:\Users\harsh\Downloads\DBT data pipeline\dbt_project.yml
[0m17:13:44.506750 [info ] [MainThread]: adapter type: snowflake
[0m17:13:44.507434 [info ] [MainThread]: adapter version: 1.11.6
[0m17:13:44.508168 [info ] [MainThread]: Configuration:
[0m17:13:44.508797 [info ] [MainThread]:   profiles.yml file [[32mOK found and valid[0m]
[0m17:13:44.509422 [info ] [MainThread]:   dbt_project.yml file [[31mERROR not found[0m]
[0m17:13:44.509992 [info ] [MainThread]: Required dependencies:
[0m17:13:44.510608 [debug] [MainThread]: Executing "git --help"
[0m17:13:44.600582 [debug] [MainThread]: STDOUT: "b"usage: git [-v | --version] [-h | --help] [-C <path>] [-c <name>=<value>]\n           [--exec-path[=<path>]] [--html-path] [--man-path] [--info-path]\n           [-p | --paginate | -P | --no-pager] [--no-replace-objects] [--no-lazy-fetch]\n           [--no-optional-locks] [--no-advice] [--bare] [--git-dir=<path>]\n           [--work-tree=<path>] [--namespace=<name>] [--config-env=<name>=<envvar>]\n           <command> [<args>]\n\nThese are common Git commands used in various situations:\n\nstart a working area (see also: git help tutorial)\n   clone      Clone a repository into a new directory\n   init       Create an empty Git repository or reinitialize an existing one\n\nwork on the current change (see also: git help everyday)\n   add        Add file contents to the index\n   mv         Move or rename a file, a directory, or a symlink\n   restore    Restore working tree files\n   rm         Remove files from the working tree and from the index\n\nexamine the history and state (see also: git help revisions)\n   bisect     Use binary search to find the commit that introduced a bug\n   diff       Show changes between commits, commit and working tree, etc\n   grep       Print lines matching a pattern\n   log        Show commit logs\n   show       Show various types of objects\n   status     Show the working tree status\n\ngrow, mark and tweak your common history\n   backfill   Download missing objects in a partial clone\n   branch     List, create, or delete branches\n   commit     Record changes to the repository\n   history    EXPERIMENTAL: Rewrite history\n   merge      Join two or more development histories together\n   rebase     Reapply commits on top of another base tip\n   reset      Set `HEAD` or the index to a known state\n   switch     Switch branches\n   tag        Create, list, delete or verify tags\n\ncollaborate (see also: git help workflows)\n   fetch      Download objects and refs from another repository\n   pull       Fetch from and integrate with another repository or a local branch\n   push       Update remote refs along with associated objects\n\n'git help -a' and 'git help -g' list available subcommands and some\nconcept guides. See 'git help <command>' or 'git help <concept>'\nto read about a specific subcommand or concept.\nSee 'git help git' for an overview of the system.\n""
[0m17:13:44.601478 [debug] [MainThread]: STDERR: "b''"
[0m17:13:44.602227 [info ] [MainThread]:  - git [[32mOK found[0m]

[0m17:13:44.602940 [info ] [MainThread]: Connection:
[0m17:13:44.603614 [info ] [MainThread]:   account: RWPEXUG-HB24805
[0m17:13:44.604187 [info ] [MainThread]:   user: HARSHSOMANI2003
[0m17:13:44.604740 [info ] [MainThread]:   database: MEDICAL_DB
[0m17:13:44.605353 [info ] [MainThread]:   warehouse: COMPUTE_WH
[0m17:13:44.605897 [info ] [MainThread]:   role: ACCOUNTADMIN
[0m17:13:44.606824 [info ] [MainThread]:   schema: dbt_schema
[0m17:13:44.607480 [info ] [MainThread]:   authenticator: None
[0m17:13:44.608181 [info ] [MainThread]:   oauth_client_id: None
[0m17:13:44.609036 [info ] [MainThread]:   query_tag: None
[0m17:13:44.609760 [info ] [MainThread]:   client_session_keep_alive: False
[0m17:13:44.610431 [info ] [MainThread]:   host: None
[0m17:13:44.611089 [info ] [MainThread]:   port: None
[0m17:13:44.611637 [info ] [MainThread]:   proxy_host: None
[0m17:13:44.612196 [info ] [MainThread]:   proxy_port: None
[0m17:13:44.612762 [info ] [MainThread]:   protocol: None
[0m17:13:44.613303 [info ] [MainThread]:   connect_retries: 1
[0m17:13:44.613841 [info ] [MainThread]:   connect_timeout: None
[0m17:13:44.614374 [info ] [MainThread]:   retry_on_database_errors: False
[0m17:13:44.614920 [info ] [MainThread]:   retry_all: False
[0m17:13:44.615456 [info ] [MainThread]:   insecure_mode: False
[0m17:13:44.616060 [info ] [MainThread]:   reuse_connections: True
[0m17:13:44.616763 [info ] [MainThread]:   s3_stage_vpce_dns_name: None
[0m17:13:44.617429 [info ] [MainThread]:   platform_detection_timeout_seconds: 0.0
[0m17:13:44.618471 [info ] [MainThread]: Registered adapter: snowflake=1.11.6
[0m17:13:45.581821 [debug] [MainThread]: Acquiring new snowflake connection 'debug'
[0m17:13:45.798041 [debug] [MainThread]: Using snowflake connection "debug"
[0m17:13:45.798703 [debug] [MainThread]: On debug: select 1 as id
[0m17:13:45.799247 [debug] [MainThread]: Opening a new connection, currently in state init
[0m17:13:47.016940 [debug] [MainThread]: Snowflake adapter: Error running SQL: select 1 as id
[0m17:13:47.018310 [debug] [MainThread]: Snowflake adapter: Rolling back transaction.
[0m17:13:47.019300 [info ] [MainThread]:   Connection test: [[31mERROR[0m]

[0m17:13:47.032223 [info ] [MainThread]: [31m2 checks failed:[0m
[0m17:13:47.033042 [info ] [MainThread]: Project loading failed for the following reason:
 project path <C:\Users\harsh\Downloads\DBT data pipeline\dbt_project.yml> not found

[0m17:13:47.033730 [info ] [MainThread]: dbt was unable to connect to the specified database.
The database returned the following error:

  >Database Error
  250001 (08001): Failed to connect to DB: RWPEXUG-HB24805.snowflakecomputing.com:443. Failed to authenticate: MFA authentication is required, but none of your current MFA methods are supported for programmatic authentication.

Check your database credentials and try again. For more information, visit:
https://docs.getdbt.com/docs/configure-your-profile


[0m17:13:47.035526 [debug] [MainThread]: Command `dbt debug` failed at 17:13:47.035300 after 3.84 seconds
[0m17:13:47.036117 [debug] [MainThread]: Connection 'debug' was left open.
[0m17:13:47.036636 [debug] [MainThread]: On debug: No close available on handle
[0m17:13:47.037190 [debug] [MainThread]: Sending event: {'category': 'dbt', 'action': 'invocation', 'label': 'end', 'context': [<snowplow_tracker.self_describing_json.SelfDescribingJson object at 0x0000015D7EF2D480>, <snowplow_tracker.self_describing_json.SelfDescribingJson object at 0x0000015D7EC0F0B0>, <snowplow_tracker.self_describing_json.SelfDescribingJson object at 0x0000015D7EAEB8A0>]}
[0m17:13:47.037832 [debug] [MainThread]: Flushing usage events
[0m17:13:48.955092 [debug] [MainThread]: An error was encountered while trying to flush usage events
